[20240501 11:28:21 INFO    ] {'dataset_name': 'MNIST', 'train_path': 'D:/data/MNIST/train', 'test_path': 'D:/data/MNIST/test', 'batch_size': 256, 'learning_rate': 0.002, 'n_epoch': 5, 'test_freq': 1, 'model_name': 'LeNet-5', 'onnx_path': './output/models/LeNet-5', 'log_path': './output/log/', 'log_file': 'LeNet-5.log'}
[20240501 11:28:21 INFO    ] 

[20240501 11:28:21 INFO    ] Running training epoch 1
[20240501 11:28:39 INFO    ] ======================================================================================
[20240501 11:28:39 INFO    ] ===============================Train - Epoch :1 / Loss:0.2364337 ==============================
[20240501 11:28:39 INFO    ] ======================================================================================
[20240501 11:28:39 INFO    ] Starting test...
[20240501 11:28:39 INFO    ] Running testing in epoch 1
[20240501 11:28:40 INFO    ] ======================================================================================
[20240501 11:28:40 INFO    ] ===========================Test - Epoch :1 / Accuracy: 0.9627403846153846============================
[20240501 11:28:40 INFO    ] ======================================================================================
[20240501 11:28:40 INFO    ] Test done...
[20240501 11:28:40 INFO    ] Saving weights and model of epoch1, path:./output/models/LeNet-5/lenet-5-epoch1.onnx
[20240501 11:28:41 INFO    ] Epoch 1 done. Time: 2e+01s
[20240501 11:28:41 INFO    ] 

[20240501 11:28:41 INFO    ] Running training epoch 2
[20240501 11:28:57 INFO    ] ======================================================================================
[20240501 11:28:57 INFO    ] ===============================Train - Epoch :2 / Loss:0.05019477 ==============================
[20240501 11:28:57 INFO    ] ======================================================================================
[20240501 11:28:57 INFO    ] Starting test...
[20240501 11:28:57 INFO    ] Running testing in epoch 2
[20240501 11:28:59 INFO    ] ======================================================================================
[20240501 11:28:59 INFO    ] ===========================Test - Epoch :2 / Accuracy: 0.9786658653846154============================
[20240501 11:28:59 INFO    ] ======================================================================================
[20240501 11:28:59 INFO    ] Test done...
[20240501 11:28:59 INFO    ] Saving weights and model of epoch2, path:./output/models/LeNet-5/lenet-5-epoch2.onnx
[20240501 11:28:59 INFO    ] Epoch 2 done. Time: 1.8e+01s
[20240501 11:28:59 INFO    ] 

[20240501 11:28:59 INFO    ] Running training epoch 3
[20240501 11:29:16 INFO    ] ======================================================================================
[20240501 11:29:16 INFO    ] ===============================Train - Epoch :3 / Loss:0.0773323 ==============================
[20240501 11:29:16 INFO    ] ======================================================================================
[20240501 11:29:16 INFO    ] Starting test...
[20240501 11:29:16 INFO    ] Running testing in epoch 3
[20240501 11:29:18 INFO    ] ======================================================================================
[20240501 11:29:18 INFO    ] ===========================Test - Epoch :3 / Accuracy: 0.9840745192307693============================
[20240501 11:29:18 INFO    ] ======================================================================================
[20240501 11:29:18 INFO    ] Test done...
[20240501 11:29:18 INFO    ] Saving weights and model of epoch3, path:./output/models/LeNet-5/lenet-5-epoch3.onnx
[20240501 11:29:18 INFO    ] Epoch 3 done. Time: 1.9e+01s
[20240501 11:29:18 INFO    ] 

[20240501 11:29:18 INFO    ] Running training epoch 4
[20240501 11:29:34 INFO    ] ======================================================================================
[20240501 11:29:34 INFO    ] ===============================Train - Epoch :4 / Loss:0.067430794 ==============================
[20240501 11:29:34 INFO    ] ======================================================================================
[20240501 11:29:34 INFO    ] Starting test...
[20240501 11:29:34 INFO    ] Running testing in epoch 4
[20240501 11:29:36 INFO    ] ======================================================================================
[20240501 11:29:36 INFO    ] ===========================Test - Epoch :4 / Accuracy: 0.9866786858974359============================
[20240501 11:29:36 INFO    ] ======================================================================================
[20240501 11:29:36 INFO    ] Test done...
[20240501 11:29:36 INFO    ] Saving weights and model of epoch4, path:./output/models/LeNet-5/lenet-5-epoch4.onnx
[20240501 11:29:36 INFO    ] Epoch 4 done. Time: 1.8e+01s
[20240501 11:29:36 INFO    ] 

[20240501 11:29:36 INFO    ] Running training epoch 5
[20240501 11:29:53 INFO    ] ======================================================================================
[20240501 11:29:53 INFO    ] ===============================Train - Epoch :5 / Loss:0.057300054 ==============================
[20240501 11:29:53 INFO    ] ======================================================================================
[20240501 11:29:53 INFO    ] Starting test...
[20240501 11:29:53 INFO    ] Running testing in epoch 5
[20240501 11:29:55 INFO    ] ======================================================================================
[20240501 11:29:55 INFO    ] ===========================Test - Epoch :5 / Accuracy: 0.9863782051282052============================
[20240501 11:29:55 INFO    ] ======================================================================================
[20240501 11:29:55 INFO    ] Test done...
[20240501 11:29:55 INFO    ] Saving weights and model of epoch5, path:./output/models/LeNet-5/lenet-5-epoch5.onnx
[20240501 11:29:55 INFO    ] Epoch 5 done. Time: 1.9e+01s
